2024-09-02 23:16:50.659 - INFO - 3444 - azureml.train.automl._experiment_drivers.driver_utilities.modify_run_configuration:244 - Package azureml-train-automl missing from dependencies file.
2024-09-02 23:16:50.659 - INFO - 3444 - azureml.train.automl._experiment_drivers.driver_utilities.modify_run_configuration:250 - Using pinned version: azureml-train-automl==1.56.0.*
2024-09-02 23:16:50.659 - INFO - 3444 - azureml.train.automl._experiment_drivers.driver_utilities.modify_run_configuration:244 - Package azureml-defaults missing from dependencies file.
2024-09-02 23:16:50.660 - INFO - 3444 - azureml.train.automl._experiment_drivers.driver_utilities.modify_run_configuration:250 - Using pinned version: azureml-defaults==1.56.0.*
2024-09-02 23:16:50.660 - INFO - 3444 - azureml.train.automl._experiment_drivers.driver_utilities.modify_run_configuration:244 - Package pandas missing from dependencies file.
2024-09-02 23:16:50.660 - INFO - 3444 - azureml.train.automl._experiment_drivers.driver_utilities.modify_run_configuration:250 - Using pinned version: pandas==1.3.5
2024-09-02 23:16:50.661 - INFO - 3444 - azureml.train.automl._experiment_drivers.driver_utilities.modify_run_configuration:244 - Package psutil missing from dependencies file.
2024-09-02 23:16:50.661 - INFO - 3444 - azureml.train.automl._experiment_drivers.driver_utilities.modify_run_configuration:250 - Using pinned version: psutil>5.0.0,<6.0.0
2024-09-02 23:16:50.661 - INFO - 3444 - azureml.train.automl._experiment_drivers.driver_utilities.modify_run_configuration:244 - Package scikit-learn missing from dependencies file.
2024-09-02 23:16:50.662 - INFO - 3444 - azureml.train.automl._experiment_drivers.driver_utilities.modify_run_configuration:250 - Using pinned version: scikit-learn==1.1.3
2024-09-02 23:16:50.662 - INFO - 3444 - azureml.train.automl._experiment_drivers.driver_utilities.modify_run_configuration:244 - Package numpy missing from dependencies file.
2024-09-02 23:16:50.662 - INFO - 3444 - azureml.train.automl._experiment_drivers.driver_utilities.modify_run_configuration:250 - Using pinned version: numpy==1.23.5
2024-09-02 23:16:50.663 - INFO - 3444 - azureml.train.automl._experiment_drivers.driver_utilities.modify_run_configuration:244 - Package xgboost missing from dependencies file.
2024-09-02 23:16:50.663 - INFO - 3444 - azureml.train.automl._experiment_drivers.driver_utilities.modify_run_configuration:250 - Using pinned version: xgboost==1.5.2
2024-09-02 23:16:50.663 - INFO - 3444 - azureml.train.automl._experiment_drivers.driver_utilities.modify_run_configuration:244 - Package inference-schema missing from dependencies file.
2024-09-02 23:16:50.664 - INFO - 3444 - azureml.train.automl._experiment_drivers.driver_utilities.modify_run_configuration:254 - Using installed version: inference-schema==1.7.2
2024-09-02 23:16:50.664 - INFO - 3444 - azureml.train.automl._experiment_drivers.driver_utilities.modify_run_configuration:244 - Package prophet missing from dependencies file.
2024-09-02 23:16:50.665 - INFO - 3444 - azureml.train.automl._experiment_drivers.driver_utilities.modify_run_configuration:250 - Using pinned version: prophet==1.1.4
2024-09-02 23:16:50.665 - INFO - 3444 - azureml.train.automl._experiment_drivers.driver_utilities.modify_run_configuration:244 - Package holidays missing from dependencies file.
2024-09-02 23:16:50.665 - INFO - 3444 - azureml.train.automl._experiment_drivers.driver_utilities.modify_run_configuration:250 - Using pinned version: holidays==0.29
2024-09-02 23:16:50.666 - INFO - 3444 - azureml.train.automl._experiment_drivers.driver_utilities.modify_run_configuration:244 - Package joblib missing from dependencies file.
2024-09-02 23:16:50.666 - INFO - 3444 - azureml.train.automl._experiment_drivers.driver_utilities.modify_run_configuration:250 - Using pinned version: joblib==1.2.0
2024-09-02 23:16:50.666 - INFO - 3444 - azureml.train.automl._experiment_drivers.driver_utilities.modify_run_configuration:244 - Package setuptools-git missing from dependencies file.
2024-09-02 23:16:50.667 - INFO - 3444 - azureml.train.automl._experiment_drivers.driver_utilities.modify_run_configuration:254 - Using installed version: setuptools-git==1.2
2024-09-02 23:16:50.667 - INFO - 3444 - azureml.train.automl._experiment_drivers.driver_utilities.modify_run_configuration:244 - Package urllib3 missing from dependencies file.
2024-09-02 23:16:50.667 - INFO - 3444 - azureml.train.automl._experiment_drivers.driver_utilities.modify_run_configuration:254 - Using installed version: urllib3==1.26.18
2024-09-02 23:16:50.668 - INFO - 3444 - azureml.train.automl._experiment_drivers.driver_utilities.modify_run_configuration:244 - Package azure-core missing from dependencies file.
2024-09-02 23:16:50.668 - INFO - 3444 - azureml.train.automl._experiment_drivers.driver_utilities.modify_run_configuration:254 - Using installed version: azure-core==1.30.1
2024-09-02 23:16:50.669 - INFO - 3444 - azureml.train.automl._experiment_drivers.driver_utilities.modify_run_configuration:244 - Package boto3 missing from dependencies file.
2024-09-02 23:16:50.669 - INFO - 3444 - azureml.train.automl._experiment_drivers.driver_utilities.modify_run_configuration:250 - Using pinned version: boto3==1.20.19
2024-09-02 23:16:50.669 - INFO - 3444 - azureml.train.automl._experiment_drivers.driver_utilities.modify_run_configuration:244 - Package botocore missing from dependencies file.
2024-09-02 23:16:50.669 - INFO - 3444 - azureml.train.automl._experiment_drivers.driver_utilities.modify_run_configuration:250 - Using pinned version: botocore==1.23.19
2024-09-02 23:16:50.699 - INFO - 3444 - azureml.automl.core.dataset_utilities._save_datasets_to_json:255 - JSON serialization of input of type <class 'NoneType'> is un-supported.
2024-09-02 23:16:50.699 - INFO - 3444 - azureml.automl.core.dataset_utilities._save_datasets_to_json:255 - JSON serialization of input of type <class 'NoneType'> is un-supported.
2024-09-02 23:16:50.701 - INFO - 3444 - azureml.train.automl._experiment_drivers.driver_utilities.validate_input:124 - Start data validation.
2024-09-02 23:17:08.019 - INFO - 3444 - azureml.train.automl._experiment_drivers.driver_utilities.modify_run_configuration:244 - Package azureml-train-automl missing from dependencies file.
2024-09-02 23:17:08.020 - INFO - 3444 - azureml.train.automl._experiment_drivers.driver_utilities.modify_run_configuration:250 - Using pinned version: azureml-train-automl==1.56.0.*
2024-09-02 23:17:08.020 - INFO - 3444 - azureml.train.automl._experiment_drivers.driver_utilities.modify_run_configuration:244 - Package azureml-defaults missing from dependencies file.
2024-09-02 23:17:08.020 - INFO - 3444 - azureml.train.automl._experiment_drivers.driver_utilities.modify_run_configuration:250 - Using pinned version: azureml-defaults==1.56.0.*
2024-09-02 23:17:08.021 - INFO - 3444 - azureml.train.automl._experiment_drivers.driver_utilities.modify_run_configuration:244 - Package pandas missing from dependencies file.
2024-09-02 23:17:08.021 - INFO - 3444 - azureml.train.automl._experiment_drivers.driver_utilities.modify_run_configuration:250 - Using pinned version: pandas==1.3.5
2024-09-02 23:17:08.021 - INFO - 3444 - azureml.train.automl._experiment_drivers.driver_utilities.modify_run_configuration:244 - Package psutil missing from dependencies file.
2024-09-02 23:17:08.021 - INFO - 3444 - azureml.train.automl._experiment_drivers.driver_utilities.modify_run_configuration:250 - Using pinned version: psutil>5.0.0,<6.0.0
2024-09-02 23:17:08.022 - INFO - 3444 - azureml.train.automl._experiment_drivers.driver_utilities.modify_run_configuration:244 - Package scikit-learn missing from dependencies file.
2024-09-02 23:17:08.022 - INFO - 3444 - azureml.train.automl._experiment_drivers.driver_utilities.modify_run_configuration:250 - Using pinned version: scikit-learn==1.1.3
2024-09-02 23:17:08.022 - INFO - 3444 - azureml.train.automl._experiment_drivers.driver_utilities.modify_run_configuration:244 - Package numpy missing from dependencies file.
2024-09-02 23:17:08.022 - INFO - 3444 - azureml.train.automl._experiment_drivers.driver_utilities.modify_run_configuration:250 - Using pinned version: numpy==1.23.5
2024-09-02 23:17:08.024 - INFO - 3444 - azureml.train.automl._experiment_drivers.driver_utilities.modify_run_configuration:244 - Package xgboost missing from dependencies file.
2024-09-02 23:17:08.024 - INFO - 3444 - azureml.train.automl._experiment_drivers.driver_utilities.modify_run_configuration:250 - Using pinned version: xgboost==1.5.2
2024-09-02 23:17:08.024 - INFO - 3444 - azureml.train.automl._experiment_drivers.driver_utilities.modify_run_configuration:244 - Package inference-schema missing from dependencies file.
2024-09-02 23:17:08.025 - INFO - 3444 - azureml.train.automl._experiment_drivers.driver_utilities.modify_run_configuration:254 - Using installed version: inference-schema==1.7.2
2024-09-02 23:17:08.025 - INFO - 3444 - azureml.train.automl._experiment_drivers.driver_utilities.modify_run_configuration:244 - Package prophet missing from dependencies file.
2024-09-02 23:17:08.025 - INFO - 3444 - azureml.train.automl._experiment_drivers.driver_utilities.modify_run_configuration:250 - Using pinned version: prophet==1.1.4
2024-09-02 23:17:08.026 - INFO - 3444 - azureml.train.automl._experiment_drivers.driver_utilities.modify_run_configuration:244 - Package holidays missing from dependencies file.
2024-09-02 23:17:08.026 - INFO - 3444 - azureml.train.automl._experiment_drivers.driver_utilities.modify_run_configuration:250 - Using pinned version: holidays==0.29
2024-09-02 23:17:08.036 - INFO - 3444 - azureml.train.automl._experiment_drivers.driver_utilities.modify_run_configuration:244 - Package joblib missing from dependencies file.
2024-09-02 23:17:08.037 - INFO - 3444 - azureml.train.automl._experiment_drivers.driver_utilities.modify_run_configuration:250 - Using pinned version: joblib==1.2.0
2024-09-02 23:17:08.037 - INFO - 3444 - azureml.train.automl._experiment_drivers.driver_utilities.modify_run_configuration:244 - Package setuptools-git missing from dependencies file.
2024-09-02 23:17:08.038 - INFO - 3444 - azureml.train.automl._experiment_drivers.driver_utilities.modify_run_configuration:254 - Using installed version: setuptools-git==1.2
2024-09-02 23:17:08.038 - INFO - 3444 - azureml.train.automl._experiment_drivers.driver_utilities.modify_run_configuration:244 - Package urllib3 missing from dependencies file.
2024-09-02 23:17:08.038 - INFO - 3444 - azureml.train.automl._experiment_drivers.driver_utilities.modify_run_configuration:254 - Using installed version: urllib3==1.26.18
2024-09-02 23:17:08.039 - INFO - 3444 - azureml.train.automl._experiment_drivers.driver_utilities.modify_run_configuration:244 - Package azure-core missing from dependencies file.
2024-09-02 23:17:08.039 - INFO - 3444 - azureml.train.automl._experiment_drivers.driver_utilities.modify_run_configuration:254 - Using installed version: azure-core==1.30.1
2024-09-02 23:17:08.039 - INFO - 3444 - azureml.train.automl._experiment_drivers.driver_utilities.modify_run_configuration:244 - Package boto3 missing from dependencies file.
2024-09-02 23:17:08.039 - INFO - 3444 - azureml.train.automl._experiment_drivers.driver_utilities.modify_run_configuration:250 - Using pinned version: boto3==1.20.19
2024-09-02 23:17:08.040 - INFO - 3444 - azureml.train.automl._experiment_drivers.driver_utilities.modify_run_configuration:244 - Package botocore missing from dependencies file.
2024-09-02 23:17:08.040 - INFO - 3444 - azureml.train.automl._experiment_drivers.driver_utilities.modify_run_configuration:250 - Using pinned version: botocore==1.23.19
2024-09-02 23:17:08.042 - INFO - 3444 - azureml.automl.core.dataset_utilities._save_datasets_to_json:255 - JSON serialization of input of type <class 'NoneType'> is un-supported.
2024-09-02 23:17:08.042 - INFO - 3444 - azureml.automl.core.dataset_utilities._save_datasets_to_json:255 - JSON serialization of input of type <class 'NoneType'> is un-supported.
2024-09-02 23:17:08.043 - INFO - 3444 - azureml.train.automl._experiment_drivers.driver_utilities.validate_input:124 - Start data validation.
2024-09-02 23:18:42.142 - INFO - 3444 - azureml.train.automl._experiment_drivers.driver_utilities.modify_run_configuration:244 - Package azureml-train-automl missing from dependencies file.
2024-09-02 23:18:42.143 - INFO - 3444 - azureml.train.automl._experiment_drivers.driver_utilities.modify_run_configuration:250 - Using pinned version: azureml-train-automl==1.56.0.*
2024-09-02 23:18:42.143 - INFO - 3444 - azureml.train.automl._experiment_drivers.driver_utilities.modify_run_configuration:244 - Package azureml-defaults missing from dependencies file.
2024-09-02 23:18:42.143 - INFO - 3444 - azureml.train.automl._experiment_drivers.driver_utilities.modify_run_configuration:250 - Using pinned version: azureml-defaults==1.56.0.*
2024-09-02 23:18:42.144 - INFO - 3444 - azureml.train.automl._experiment_drivers.driver_utilities.modify_run_configuration:244 - Package pandas missing from dependencies file.
2024-09-02 23:18:42.144 - INFO - 3444 - azureml.train.automl._experiment_drivers.driver_utilities.modify_run_configuration:250 - Using pinned version: pandas==1.3.5
2024-09-02 23:18:42.144 - INFO - 3444 - azureml.train.automl._experiment_drivers.driver_utilities.modify_run_configuration:244 - Package psutil missing from dependencies file.
2024-09-02 23:18:42.144 - INFO - 3444 - azureml.train.automl._experiment_drivers.driver_utilities.modify_run_configuration:250 - Using pinned version: psutil>5.0.0,<6.0.0
2024-09-02 23:18:42.145 - INFO - 3444 - azureml.train.automl._experiment_drivers.driver_utilities.modify_run_configuration:244 - Package scikit-learn missing from dependencies file.
2024-09-02 23:18:42.145 - INFO - 3444 - azureml.train.automl._experiment_drivers.driver_utilities.modify_run_configuration:250 - Using pinned version: scikit-learn==1.1.3
2024-09-02 23:18:42.145 - INFO - 3444 - azureml.train.automl._experiment_drivers.driver_utilities.modify_run_configuration:244 - Package numpy missing from dependencies file.
2024-09-02 23:18:42.145 - INFO - 3444 - azureml.train.automl._experiment_drivers.driver_utilities.modify_run_configuration:250 - Using pinned version: numpy==1.23.5
2024-09-02 23:18:42.145 - INFO - 3444 - azureml.train.automl._experiment_drivers.driver_utilities.modify_run_configuration:244 - Package xgboost missing from dependencies file.
2024-09-02 23:18:42.146 - INFO - 3444 - azureml.train.automl._experiment_drivers.driver_utilities.modify_run_configuration:250 - Using pinned version: xgboost==1.5.2
2024-09-02 23:18:42.146 - INFO - 3444 - azureml.train.automl._experiment_drivers.driver_utilities.modify_run_configuration:244 - Package inference-schema missing from dependencies file.
2024-09-02 23:18:42.146 - INFO - 3444 - azureml.train.automl._experiment_drivers.driver_utilities.modify_run_configuration:254 - Using installed version: inference-schema==1.7.2
2024-09-02 23:18:42.147 - INFO - 3444 - azureml.train.automl._experiment_drivers.driver_utilities.modify_run_configuration:244 - Package prophet missing from dependencies file.
2024-09-02 23:18:42.147 - INFO - 3444 - azureml.train.automl._experiment_drivers.driver_utilities.modify_run_configuration:250 - Using pinned version: prophet==1.1.4
2024-09-02 23:18:42.147 - INFO - 3444 - azureml.train.automl._experiment_drivers.driver_utilities.modify_run_configuration:244 - Package holidays missing from dependencies file.
2024-09-02 23:18:42.147 - INFO - 3444 - azureml.train.automl._experiment_drivers.driver_utilities.modify_run_configuration:250 - Using pinned version: holidays==0.29
2024-09-02 23:18:42.148 - INFO - 3444 - azureml.train.automl._experiment_drivers.driver_utilities.modify_run_configuration:244 - Package joblib missing from dependencies file.
2024-09-02 23:18:42.148 - INFO - 3444 - azureml.train.automl._experiment_drivers.driver_utilities.modify_run_configuration:250 - Using pinned version: joblib==1.2.0
2024-09-02 23:18:42.148 - INFO - 3444 - azureml.train.automl._experiment_drivers.driver_utilities.modify_run_configuration:244 - Package setuptools-git missing from dependencies file.
2024-09-02 23:18:42.148 - INFO - 3444 - azureml.train.automl._experiment_drivers.driver_utilities.modify_run_configuration:254 - Using installed version: setuptools-git==1.2
2024-09-02 23:18:42.150 - INFO - 3444 - azureml.train.automl._experiment_drivers.driver_utilities.modify_run_configuration:244 - Package urllib3 missing from dependencies file.
2024-09-02 23:18:42.151 - INFO - 3444 - azureml.train.automl._experiment_drivers.driver_utilities.modify_run_configuration:254 - Using installed version: urllib3==1.26.18
2024-09-02 23:18:42.151 - INFO - 3444 - azureml.train.automl._experiment_drivers.driver_utilities.modify_run_configuration:244 - Package azure-core missing from dependencies file.
2024-09-02 23:18:42.151 - INFO - 3444 - azureml.train.automl._experiment_drivers.driver_utilities.modify_run_configuration:254 - Using installed version: azure-core==1.30.1
2024-09-02 23:18:42.152 - INFO - 3444 - azureml.train.automl._experiment_drivers.driver_utilities.modify_run_configuration:244 - Package boto3 missing from dependencies file.
2024-09-02 23:18:42.152 - INFO - 3444 - azureml.train.automl._experiment_drivers.driver_utilities.modify_run_configuration:250 - Using pinned version: boto3==1.20.19
2024-09-02 23:18:42.153 - INFO - 3444 - azureml.train.automl._experiment_drivers.driver_utilities.modify_run_configuration:244 - Package botocore missing from dependencies file.
2024-09-02 23:18:42.153 - INFO - 3444 - azureml.train.automl._experiment_drivers.driver_utilities.modify_run_configuration:250 - Using pinned version: botocore==1.23.19
2024-09-02 23:18:42.175 - INFO - 3444 - azureml.automl.core.dataset_utilities._save_datasets_to_json:255 - JSON serialization of input of type <class 'NoneType'> is un-supported.
2024-09-02 23:18:42.175 - INFO - 3444 - azureml.automl.core.dataset_utilities._save_datasets_to_json:255 - JSON serialization of input of type <class 'NoneType'> is un-supported.
2024-09-02 23:18:42.176 - INFO - 3444 - azureml.train.automl._experiment_drivers.driver_utilities.validate_input:124 - Start data validation.
2024-09-02 23:18:43.869 - INFO - 3444 - azureml.train.automl._experiment_drivers.driver_utilities.validate_input:137 - Validation service found the data has no errors.
2024-09-02 23:18:43.870 - INFO - 3444 - azureml.train.automl._experiment_drivers.driver_utilities.create_remote_parent_run:381 - Start creating parent run.
2024-09-02 23:18:44.284 - INFO - 3444 - azureml.train.automl._experiment_drivers.driver_utilities.create_remote_parent_run:401 - [ParentRunID:AutoML_09736824-b72f-4a9f-a2d5-532eee62be40] Remote run using input X and y.
2024-09-02 23:18:44.387 - INFO - 3444 - azureml.train.automl._experiment_drivers.driver_utilities.start_remote_run:336 - Starting a snapshot run (snapshot_id : None)
